app/build/intermediates/manifest_merge_blame_file/milRelease/manifest-merger-blame-mil-release-report.txt
1<?xml version="1.0" encoding="utf-8"?>
2<manifest xmlns:android="http://schemas.android.com/apk/res/android"
3    package="com.atakmap.android.plugintemplate.plugin"
4    android:versionCode="1777514980"
5    android:versionName="1.1 (d6e54ee9) - [5.0.0]" >
6
7    <uses-sdk android:minSdkVersion="21" />
7-->src\main\AndroidManifest.xml
8
9    <uses-permission android:name="android.permission.CAMERA" />
9-->src\main\AndroidManifest.xml:6:5-65
9-->src\main\AndroidManifest.xml:6:22-62
10    <uses-permission android:name="android.permission.WRITE_EXTERNAL_STORAGE" />
10-->src\main\AndroidManifest.xml:7:5-81
10-->src\main\AndroidManifest.xml:7:22-78
11
12    <uses-feature
12-->src\main\AndroidManifest.xml:8:5-85
13        android:name="android.hardware.camera"
13-->src\main\AndroidManifest.xml:8:19-57
14        android:required="false" />
14-->src\main\AndroidManifest.xml:8:58-82
15
16    <application
16-->src\main\AndroidManifest.xml:10:5-39:19
17        android:allowBackup="false"
17-->src\main\AndroidManifest.xml:11:9-36
18        android:description="@string/app_desc"
18-->src\main\AndroidManifest.xml:14:9-47
19        android:extractNativeLibs="true"
19-->src\main\AndroidManifest.xml:15:9-41
20        android:icon="@drawable/ic_launcher"
20-->src\main\AndroidManifest.xml:12:9-45
21        android:label="@string/app_name"
21-->src\main\AndroidManifest.xml:13:9-41
22        android:theme="@style/AppTheme" >
22-->src\main\AndroidManifest.xml:16:9-40
23        <meta-data
24            android:name="plugin-api"
24-->src\main\AndroidManifest.xml:17:20-45
25            android:value="com.atakmap.app@5.0.0.MIL" />
25-->src\main\AndroidManifest.xml:17:46-79
26        <meta-data
26-->src\main\AndroidManifest.xml:18:9-78
27            android:name="app_desc"
27-->src\main\AndroidManifest.xml:18:20-43
28            android:value="@string/app_desc" />
28-->src\main\AndroidManifest.xml:18:44-76
29
30        <!--
31            This fictitious activity entry allow for ATAK 4.6.0.2 and newer to perform 
32            plugin discovery  android devices.  If this is removed, the plugin will 
33            not be able to be discovered or loaded.
34        -->
35        <activity android:name="com.atakmap.app.component" >
35-->src\main\AndroidManifest.xml:24:8-29:19
35-->src\main\AndroidManifest.xml:24:18-58
36            <intent-filter android:label="@string/app_name" >
36-->src\main\AndroidManifest.xml:26:12-28:28
36-->src\main\AndroidManifest.xml:26:27-59
37                <action android:name="com.atakmap.app.component" />
37-->src\main\AndroidManifest.xml:27:15-66
37-->src\main\AndroidManifest.xml:27:23-63
38            </intent-filter>
39        </activity>
40        <activity
40-->src\main\AndroidManifest.xml:31:8-36:79
41            android:name="com.atakmap.android.plugintemplate.MultiPixCaptureActivity"
41-->src\main\AndroidManifest.xml:32:12-85
42            android:configChanges="keyboardHidden|orientation|screenSize"
42-->src\main\AndroidManifest.xml:33:12-73
43            android:exported="true"
43-->src\main\AndroidManifest.xml:34:12-35
44            android:screenOrientation="sensorLandscape"
44-->src\main\AndroidManifest.xml:35:12-55
45            android:theme="@android:style/Theme.Black.NoTitleBar.Fullscreen" />
45-->src\main\AndroidManifest.xml:36:12-76
46    </application>
47
48</manifest>